0 info it worked if it ends with ok
1 verbose cli [ 'C:\\Program Files\\nodejs\\\\node.exe',
1 verbose cli   'C:\\Program Files\\nodejs\\node_modules\\npm\\bin\\npm-cli.js',
1 verbose cli   'install',
1 verbose cli   'sleep' ]
2 info using npm@2.7.4
3 info using node@v0.12.2
4 verbose node symlink C:\Program Files\nodejs\\node.exe
5 silly cache add args [ 'sleep', null ]
6 verbose cache add spec sleep
7 silly cache add parsed spec { raw: 'sleep',
7 silly cache add   scope: null,
7 silly cache add   name: 'sleep',
7 silly cache add   rawSpec: '',
7 silly cache add   spec: '*',
7 silly cache add   type: 'range' }
8 verbose addNamed sleep@*
9 silly addNamed semver.valid null
10 silly addNamed semver.validRange *
11 silly addNameRange { name: 'sleep', range: '*', hasData: false }
12 silly mapToRegistry name sleep
13 silly mapToRegistry using default registry
14 silly mapToRegistry registry https://registry.npmjs.org/
15 silly mapToRegistry uri https://registry.npmjs.org/sleep
16 verbose addNameRange registry:https://registry.npmjs.org/sleep not in flight; fetching
17 verbose request uri https://registry.npmjs.org/sleep
18 verbose request no auth needed
19 info attempt registry request try #1 at 4:28:55 PM
20 verbose request id fa749dee7b3382e9
21 verbose etag "8CHWCM8WTGDTT20DRUI12JGGO"
22 http request GET https://registry.npmjs.org/sleep
23 http 304 https://registry.npmjs.org/sleep
24 silly get cb [ 304,
24 silly get   { date: 'Fri, 05 Jun 2015 10:58:55 GMT',
24 silly get     via: '1.1 varnish',
24 silly get     'cache-control': 'max-age=60',
24 silly get     etag: '"8CHWCM8WTGDTT20DRUI12JGGO"',
24 silly get     age: '0',
24 silly get     connection: 'keep-alive',
24 silly get     'x-served-by': 'cache-sin6922-SIN',
24 silly get     'x-cache': 'HIT',
24 silly get     'x-cache-hits': '1',
24 silly get     'x-timer': 'S1433501935.216716,VS0,VE214',
24 silly get     vary: 'Accept' } ]
25 verbose etag https://registry.npmjs.org/sleep from cache
26 verbose get saving sleep to C:\Users\Yeshwanth\AppData\Roaming\npm-cache\registry.npmjs.org\sleep\.cache.json
27 silly addNameRange number 2 { name: 'sleep', range: '*', hasData: true }
28 silly addNameRange versions [ 'sleep',
28 silly addNameRange   [ '1.0.0',
28 silly addNameRange     '1.0.1',
28 silly addNameRange     '1.0.2',
28 silly addNameRange     '1.1.0',
28 silly addNameRange     '1.1.1',
28 silly addNameRange     '1.1.2',
28 silly addNameRange     '1.1.3',
28 silly addNameRange     '1.1.4',
28 silly addNameRange     '1.1.5',
28 silly addNameRange     '1.1.6',
28 silly addNameRange     '1.1.7',
28 silly addNameRange     '1.1.8',
28 silly addNameRange     '1.2.0',
28 silly addNameRange     '2.0.0' ] ]
29 verbose addNamed sleep@2.0.0
30 silly addNamed semver.valid 2.0.0
31 silly addNamed semver.validRange 2.0.0
32 silly cache afterAdd sleep@2.0.0
33 verbose afterAdd C:\Users\Yeshwanth\AppData\Roaming\npm-cache\sleep\2.0.0\package\package.json not in flight; writing
34 verbose afterAdd C:\Users\Yeshwanth\AppData\Roaming\npm-cache\sleep\2.0.0\package\package.json written
35 silly install resolved [ { name: 'sleep',
35 silly install resolved     version: '2.0.0',
35 silly install resolved     main: 'index.js',
35 silly install resolved     description: 'Add sleep() and usleep() to nodejs',
35 silly install resolved     homepage: 'http://github.com/ErikDubbelboer/node-sleep',
35 silly install resolved     author: { name: 'Erik Dubbelboer', email: 'erik@dubbelboer.com' },
35 silly install resolved     engines: { node: '>=0.4.0' },
35 silly install resolved     keywords: [ 'sleep', 'usleep' ],
35 silly install resolved     repository:
35 silly install resolved      { type: 'git',
35 silly install resolved        url: 'https://github.com/ErikDubbelboer/node-sleep.git' },
35 silly install resolved     dependencies: { nan: '*' },
35 silly install resolved     gypfile: true,
35 silly install resolved     scripts: { install: 'node-gyp rebuild' },
35 silly install resolved     gitHead: '3c850e05250d3ad72499fb0cefc4be13e9ce24d2',
35 silly install resolved     bugs: { url: 'https://github.com/ErikDubbelboer/node-sleep/issues' },
35 silly install resolved     _id: 'sleep@2.0.0',
35 silly install resolved     _shasum: '96d8ef97970ecad464b146ea5e86dd5d6ceb65bc',
35 silly install resolved     _from: 'sleep@*',
35 silly install resolved     _npmVersion: '1.4.28',
35 silly install resolved     _npmUser: { name: 'erikdubbelboer', email: 'erik@dubbelboer.com' },
35 silly install resolved     maintainers: [ [Object] ],
35 silly install resolved     dist:
35 silly install resolved      { shasum: '96d8ef97970ecad464b146ea5e86dd5d6ceb65bc',
35 silly install resolved        tarball: 'http://registry.npmjs.org/sleep/-/sleep-2.0.0.tgz' },
35 silly install resolved     directories: {},
35 silly install resolved     _resolved: 'https://registry.npmjs.org/sleep/-/sleep-2.0.0.tgz',
35 silly install resolved     readme: 'ERROR: No README data found!' } ]
36 info install sleep@2.0.0 into C:\Users\Yeshwanth\Desktop\stayzilla\nodejs\json
37 info installOne sleep@2.0.0
38 verbose installOne of sleep to C:\Users\Yeshwanth\Desktop\stayzilla\nodejs\json not in flight; installing
39 verbose lock using C:\Users\Yeshwanth\AppData\Roaming\npm-cache\_locks\sleep-f1d1f0db23e11b7d.lock for C:\Users\Yeshwanth\Desktop\stayzilla\nodejs\json\node_modules\sleep
40 silly install write writing sleep 2.0.0 to C:\Users\Yeshwanth\Desktop\stayzilla\nodejs\json\node_modules\sleep
41 silly cache addNamed cb sleep@2.0.0
42 verbose unbuild node_modules\sleep
43 silly gentlyRm C:\Users\Yeshwanth\Desktop\stayzilla\nodejs\json\node_modules\sleep is being purged from base C:\Users\Yeshwanth\Desktop\stayzilla\nodejs\json
44 verbose gentlyRm don't care about contents; nuking C:\Users\Yeshwanth\Desktop\stayzilla\nodejs\json\node_modules\sleep
45 verbose tar unpack C:\Users\Yeshwanth\AppData\Roaming\npm-cache\sleep\2.0.0\package.tgz
46 verbose tar unpacking to C:\Users\Yeshwanth\Desktop\stayzilla\nodejs\json\node_modules\sleep
47 silly gentlyRm C:\Users\Yeshwanth\Desktop\stayzilla\nodejs\json\node_modules\sleep is being purged
48 verbose gentlyRm don't care about contents; nuking C:\Users\Yeshwanth\Desktop\stayzilla\nodejs\json\node_modules\sleep
49 silly gunzTarPerm modes [ '777', '666' ]
50 silly gunzTarPerm extractEntry package.json
51 silly gunzTarPerm modified mode [ 'package.json', 436, 438 ]
52 silly gunzTarPerm extractEntry .npmignore
53 silly gunzTarPerm modified mode [ '.npmignore', 436, 438 ]
54 silly gunzTarPerm extractEntry README.md
55 silly gunzTarPerm modified mode [ 'README.md', 436, 438 ]
56 silly gunzTarPerm extractEntry test.js
57 silly gunzTarPerm modified mode [ 'test.js', 436, 438 ]
58 silly gunzTarPerm extractEntry index.js
59 silly gunzTarPerm modified mode [ 'index.js', 436, 438 ]
60 silly gunzTarPerm extractEntry LICENSE.txt
61 silly gunzTarPerm modified mode [ 'LICENSE.txt', 436, 438 ]
62 silly gunzTarPerm extractEntry sleep.cc
63 silly gunzTarPerm modified mode [ 'sleep.cc', 436, 438 ]
64 silly gunzTarPerm extractEntry binding.gyp
65 silly gunzTarPerm modified mode [ 'binding.gyp', 436, 438 ]
66 info preinstall sleep@2.0.0
67 silly prepareForInstallMany adding nan@* from sleep dependencies
68 silly cache add args [ 'nan@*', null ]
69 verbose cache add spec nan@*
70 silly cache add parsed spec { raw: 'nan@*',
70 silly cache add   scope: null,
70 silly cache add   name: 'nan',
70 silly cache add   rawSpec: '*',
70 silly cache add   spec: '*',
70 silly cache add   type: 'range' }
71 verbose addNamed nan@*
72 silly addNamed semver.valid null
73 silly addNamed semver.validRange *
74 silly addNameRange { name: 'nan', range: '*', hasData: false }
75 silly mapToRegistry name nan
76 silly mapToRegistry using default registry
77 silly mapToRegistry registry https://registry.npmjs.org/
78 silly mapToRegistry uri https://registry.npmjs.org/nan
79 verbose addNameRange registry:https://registry.npmjs.org/nan not in flight; fetching
80 verbose request uri https://registry.npmjs.org/nan
81 verbose request no auth needed
82 info attempt registry request try #1 at 4:28:57 PM
83 verbose etag "9D70CGL7I2GVSPGK48NI768U9"
84 http request GET https://registry.npmjs.org/nan
85 http 304 https://registry.npmjs.org/nan
86 silly get cb [ 304,
86 silly get   { date: 'Fri, 05 Jun 2015 10:58:56 GMT',
86 silly get     via: '1.1 varnish',
86 silly get     'cache-control': 'max-age=60',
86 silly get     etag: '"9D70CGL7I2GVSPGK48NI768U9"',
86 silly get     age: '4',
86 silly get     connection: 'keep-alive',
86 silly get     'x-served-by': 'cache-sin6923-SIN',
86 silly get     'x-cache': 'HIT',
86 silly get     'x-cache-hits': '3',
86 silly get     'x-timer': 'S1433501936.459369,VS0,VE0',
86 silly get     vary: 'Accept' } ]
87 verbose etag https://registry.npmjs.org/nan from cache
88 verbose get saving nan to C:\Users\Yeshwanth\AppData\Roaming\npm-cache\registry.npmjs.org\nan\.cache.json
89 silly addNameRange number 2 { name: 'nan', range: '*', hasData: true }
90 silly addNameRange versions [ 'nan',
90 silly addNameRange   [ '0.3.0-wip',
90 silly addNameRange     '0.3.0-wip2',
90 silly addNameRange     '0.3.0',
90 silly addNameRange     '0.3.1',
90 silly addNameRange     '0.3.2',
90 silly addNameRange     '0.4.0',
90 silly addNameRange     '0.4.1',
90 silly addNameRange     '0.4.2',
90 silly addNameRange     '0.4.3',
90 silly addNameRange     '0.4.4',
90 silly addNameRange     '0.5.0',
90 silly addNameRange     '0.5.1',
90 silly addNameRange     '0.5.2',
90 silly addNameRange     '0.6.0',
90 silly addNameRange     '0.7.0',
90 silly addNameRange     '0.7.1',
90 silly addNameRange     '0.8.0',
90 silly addNameRange     '1.0.0',
90 silly addNameRange     '1.1.0',
90 silly addNameRange     '1.1.1',
90 silly addNameRange     '1.1.2',
90 silly addNameRange     '1.2.0',
90 silly addNameRange     '1.3.0',
90 silly addNameRange     '1.4.0',
90 silly addNameRange     '1.4.1',
90 silly addNameRange     '1.5.0',
90 silly addNameRange     '1.4.2',
90 silly addNameRange     '1.4.3',
90 silly addNameRange     '1.5.1',
90 silly addNameRange     '1.5.2',
90 silly addNameRange     '1.6.0',
90 silly addNameRange     '1.5.3',
90 silly addNameRange     '1.6.1',
90 silly addNameRange     '1.6.2',
90 silly addNameRange     '1.7.0',
90 silly addNameRange     '1.8.0',
90 silly addNameRange     '1.8.1',
90 silly addNameRange     '1.8.2',
90 silly addNameRange     '1.8.3',
90 silly addNameRange     '1.8.4' ] ]
91 verbose addNamed nan@1.8.4
92 silly addNamed semver.valid 1.8.4
93 silly addNamed semver.validRange 1.8.4
94 silly cache afterAdd nan@1.8.4
95 verbose afterAdd C:\Users\Yeshwanth\AppData\Roaming\npm-cache\nan\1.8.4\package\package.json not in flight; writing
96 verbose afterAdd C:\Users\Yeshwanth\AppData\Roaming\npm-cache\nan\1.8.4\package\package.json written
97 silly install resolved [ { name: 'nan',
97 silly install resolved     version: '1.8.4',
97 silly install resolved     description: 'Native Abstractions for Node.js: C++ header for Node 0.8->0.12 compatibility',
97 silly install resolved     main: 'include_dirs.js',
97 silly install resolved     repository: { type: 'git', url: 'git://github.com/iojs/nan.git' },
97 silly install resolved     scripts:
97 silly install resolved      { test: 'tap --gc test/js/*-test.js',
97 silly install resolved        'rebuild-tests': 'pangyp rebuild --directory test' },
97 silly install resolved     contributors:
97 silly install resolved      [ [Object],
97 silly install resolved        [Object],
97 silly install resolved        [Object],
97 silly install resolved        [Object],
97 silly install resolved        [Object],
97 silly install resolved        [Object],
97 silly install resolved        [Object] ],
97 silly install resolved     devDependencies:
97 silly install resolved      { bindings: '~1.2.1',
97 silly install resolved        'node-gyp': '~1.0.2',
97 silly install resolved        pangyp: '~2.0.1',
97 silly install resolved        tap: '~0.7.1',
97 silly install resolved        xtend: '~4.0.0' },
97 silly install resolved     license: 'MIT',
97 silly install resolved     gitHead: 'ed3bbf4ced0cf7937b4e4164766797f71aa97f3d',
97 silly install resolved     bugs: { url: 'https://github.com/iojs/nan/issues' },
97 silly install resolved     homepage: 'https://github.com/iojs/nan#readme',
97 silly install resolved     _id: 'nan@1.8.4',
97 silly install resolved     _shasum: '3c76b5382eab33e44b758d2813ca9d92e9342f34',
97 silly install resolved     _from: 'nan@*',
97 silly install resolved     _npmVersion: '2.8.3',
97 silly install resolved     _nodeVersion: '0.12.2',
97 silly install resolved     _npmUser: { name: 'kkoopa', email: 'bbyholm@abo.fi' },
97 silly install resolved     maintainers: [ [Object], [Object] ],
97 silly install resolved     dist:
97 silly install resolved      { shasum: '3c76b5382eab33e44b758d2813ca9d92e9342f34',
97 silly install resolved        tarball: 'http://registry.npmjs.org/nan/-/nan-1.8.4.tgz' },
97 silly install resolved     directories: {},
97 silly install resolved     _resolved: 'https://registry.npmjs.org/nan/-/nan-1.8.4.tgz',
97 silly install resolved     readme: 'ERROR: No README data found!' } ]
98 info install nan@1.8.4 into C:\Users\Yeshwanth\Desktop\stayzilla\nodejs\json\node_modules\sleep
99 info installOne nan@1.8.4
100 verbose installOne of nan to C:\Users\Yeshwanth\Desktop\stayzilla\nodejs\json\node_modules\sleep not in flight; installing
101 verbose lock using C:\Users\Yeshwanth\AppData\Roaming\npm-cache\_locks\nan-1c82c46c9a8a33d2.lock for C:\Users\Yeshwanth\Desktop\stayzilla\nodejs\json\node_modules\sleep\node_modules\nan
102 silly install write writing nan 1.8.4 to C:\Users\Yeshwanth\Desktop\stayzilla\nodejs\json\node_modules\sleep\node_modules\nan
103 silly cache addNamed cb nan@1.8.4
104 verbose unbuild node_modules\sleep\node_modules\nan
105 silly gentlyRm C:\Users\Yeshwanth\Desktop\stayzilla\nodejs\json\node_modules\sleep\node_modules\nan is being purged from base C:\Users\Yeshwanth\Desktop\stayzilla\nodejs\json
106 verbose gentlyRm don't care about contents; nuking C:\Users\Yeshwanth\Desktop\stayzilla\nodejs\json\node_modules\sleep\node_modules\nan
107 verbose tar unpack C:\Users\Yeshwanth\AppData\Roaming\npm-cache\nan\1.8.4\package.tgz
108 verbose tar unpacking to C:\Users\Yeshwanth\Desktop\stayzilla\nodejs\json\node_modules\sleep\node_modules\nan
109 silly gentlyRm C:\Users\Yeshwanth\Desktop\stayzilla\nodejs\json\node_modules\sleep\node_modules\nan is being purged
110 verbose gentlyRm don't care about contents; nuking C:\Users\Yeshwanth\Desktop\stayzilla\nodejs\json\node_modules\sleep\node_modules\nan
111 silly gunzTarPerm modes [ '777', '666' ]
112 silly gunzTarPerm extractEntry package.json
113 silly gunzTarPerm modified mode [ 'package.json', 436, 438 ]
114 silly gunzTarPerm extractEntry README.md
115 silly gunzTarPerm modified mode [ 'README.md', 436, 438 ]
116 silly gunzTarPerm extractEntry include_dirs.js
117 silly gunzTarPerm modified mode [ 'include_dirs.js', 436, 438 ]
118 silly gunzTarPerm extractEntry LICENSE.md
119 silly gunzTarPerm modified mode [ 'LICENSE.md', 436, 438 ]
120 silly gunzTarPerm extractEntry .dntrc
121 silly gunzTarPerm modified mode [ '.dntrc', 436, 438 ]
122 silly gunzTarPerm extractEntry appveyor.yml
123 silly gunzTarPerm modified mode [ 'appveyor.yml', 436, 438 ]
124 silly gunzTarPerm extractEntry nan.h
125 silly gunzTarPerm modified mode [ 'nan.h', 436, 438 ]
126 silly gunzTarPerm extractEntry nan_implementation_12_inl.h
127 silly gunzTarPerm modified mode [ 'nan_implementation_12_inl.h', 436, 438 ]
128 silly gunzTarPerm extractEntry nan_implementation_pre_12_inl.h
129 silly gunzTarPerm modified mode [ 'nan_implementation_pre_12_inl.h', 436, 438 ]
130 silly gunzTarPerm extractEntry nan_new.h
131 silly gunzTarPerm modified mode [ 'nan_new.h', 436, 438 ]
132 silly gunzTarPerm extractEntry nan_string_bytes.h
133 silly gunzTarPerm modified mode [ 'nan_string_bytes.h', 436, 438 ]
134 silly gunzTarPerm extractEntry CHANGELOG.md
135 silly gunzTarPerm modified mode [ 'CHANGELOG.md', 436, 438 ]
136 info preinstall nan@1.8.4
137 silly install resolved []
138 verbose about to build C:\Users\Yeshwanth\Desktop\stayzilla\nodejs\json\node_modules\sleep\node_modules\nan
139 info build C:\Users\Yeshwanth\Desktop\stayzilla\nodejs\json\node_modules\sleep\node_modules\nan
140 verbose linkStuff [ false,
140 verbose linkStuff   false,
140 verbose linkStuff   false,
140 verbose linkStuff   'C:\\Users\\Yeshwanth\\Desktop\\stayzilla\\nodejs\\json\\node_modules\\sleep\\node_modules' ]
141 info linkStuff nan@1.8.4
142 verbose linkBins nan@1.8.4
143 verbose linkMans nan@1.8.4
144 verbose rebuildBundles nan@1.8.4
145 info install nan@1.8.4
146 info postinstall nan@1.8.4
147 verbose unlock done using C:\Users\Yeshwanth\AppData\Roaming\npm-cache\_locks\nan-1c82c46c9a8a33d2.lock for C:\Users\Yeshwanth\Desktop\stayzilla\nodejs\json\node_modules\sleep\node_modules\nan
148 verbose about to build C:\Users\Yeshwanth\Desktop\stayzilla\nodejs\json\node_modules\sleep
149 info build C:\Users\Yeshwanth\Desktop\stayzilla\nodejs\json\node_modules\sleep
150 verbose linkStuff [ false,
150 verbose linkStuff   false,
150 verbose linkStuff   false,
150 verbose linkStuff   'C:\\Users\\Yeshwanth\\Desktop\\stayzilla\\nodejs\\json\\node_modules' ]
151 info linkStuff sleep@2.0.0
152 verbose linkBins sleep@2.0.0
153 verbose linkMans sleep@2.0.0
154 verbose rebuildBundles sleep@2.0.0
155 verbose rebuildBundles [ 'nan' ]
156 info install sleep@2.0.0
157 verbose unsafe-perm in lifecycle true
158 info sleep@2.0.0 Failed to exec install script
159 verbose unlock done using C:\Users\Yeshwanth\AppData\Roaming\npm-cache\_locks\sleep-f1d1f0db23e11b7d.lock for C:\Users\Yeshwanth\Desktop\stayzilla\nodejs\json\node_modules\sleep
160 verbose stack Error: sleep@2.0.0 install: `node-gyp rebuild`
160 verbose stack Exit status 1
160 verbose stack     at EventEmitter.<anonymous> (C:\Program Files\nodejs\node_modules\npm\lib\utils\lifecycle.js:213:16)
160 verbose stack     at EventEmitter.emit (events.js:110:17)
160 verbose stack     at ChildProcess.<anonymous> (C:\Program Files\nodejs\node_modules\npm\lib\utils\spawn.js:14:12)
160 verbose stack     at ChildProcess.emit (events.js:110:17)
160 verbose stack     at maybeClose (child_process.js:1015:16)
160 verbose stack     at Process.ChildProcess._handle.onexit (child_process.js:1087:5)
161 verbose pkgid sleep@2.0.0
162 verbose cwd C:\Users\Yeshwanth\Desktop\stayzilla\nodejs\json
163 error Windows_NT 6.3.9600
164 error argv "C:\\Program Files\\nodejs\\\\node.exe" "C:\\Program Files\\nodejs\\node_modules\\npm\\bin\\npm-cli.js" "install" "sleep"
165 error node v0.12.2
166 error npm  v2.7.4
167 error code ELIFECYCLE
168 error sleep@2.0.0 install: `node-gyp rebuild`
168 error Exit status 1
169 error Failed at the sleep@2.0.0 install script 'node-gyp rebuild'.
169 error This is most likely a problem with the sleep package,
169 error not with npm itself.
169 error Tell the author that this fails on your system:
169 error     node-gyp rebuild
169 error You can get their info via:
169 error     npm owner ls sleep
169 error There is likely additional logging output above.
170 verbose exit [ 1, true ]
171 verbose unbuild node_modules\sleep
172 info preuninstall sleep@2.0.0
173 info uninstall sleep@2.0.0
174 verbose unbuild rmStuff sleep@2.0.0 from C:\Users\Yeshwanth\Desktop\stayzilla\nodejs\json\node_modules
175 info postuninstall sleep@2.0.0
176 silly gentlyRm C:\Users\Yeshwanth\Desktop\stayzilla\nodejs\json\node_modules\sleep is being purged from base C:\Users\Yeshwanth\Desktop\stayzilla\nodejs\json
177 verbose gentlyRm don't care about contents; nuking C:\Users\Yeshwanth\Desktop\stayzilla\nodejs\json\node_modules\sleep
178 silly vacuum-fs purging C:\Users\Yeshwanth\Desktop\stayzilla\nodejs\json\node_modules\sleep
179 silly vacuum-fs quitting because other entries in C:\Users\Yeshwanth\Desktop\stayzilla\nodejs\json\node_modules
